<?xml version="1.0" encoding="UTF-8"?>
<robot generator="Robot 6.0.1 (Python 3.10.8 on linux)" generated="20221206 19:56:59.249" rpa="false" schemaversion="3">
<suite id="s1" name="Tests" source="/home/ihaho/ohtu/ohtumini/demo/minitex/src/tests">
<suite id="s1-s1" name="Reference" source="/home/ihaho/ohtu/ohtumini/demo/minitex/src/tests/reference.robot">
<test id="s1-s1-t1" name="Create New Reference" line="5">
<kw name="Input New Reference Command" library="resource">
<kw name="Input" library="AppLibrary">
<arg>n</arg>
<status status="PASS" starttime="20221206 19:56:59.274" endtime="20221206 19:56:59.274"/>
</kw>
<status status="PASS" starttime="20221206 19:56:59.274" endtime="20221206 19:56:59.274"/>
</kw>
<kw name="Input New Reference" library="resource">
<arg>Philip Pullman</arg>
<arg>Kultainen Kompassi</arg>
<arg>1996</arg>
<arg>Tammi</arg>
<kw name="Input" library="AppLibrary">
<arg>${author}</arg>
<status status="PASS" starttime="20221206 19:56:59.275" endtime="20221206 19:56:59.275"/>
</kw>
<kw name="Input Quit Command" library="resource">
<kw name="Input" library="AppLibrary">
<arg>q</arg>
<status status="PASS" starttime="20221206 19:56:59.275" endtime="20221206 19:56:59.275"/>
</kw>
<status status="PASS" starttime="20221206 19:56:59.275" endtime="20221206 19:56:59.276"/>
</kw>
<kw name="Input" library="AppLibrary">
<arg>${title}</arg>
<status status="PASS" starttime="20221206 19:56:59.276" endtime="20221206 19:56:59.276"/>
</kw>
<kw name="Input" library="AppLibrary">
<arg>${year}</arg>
<status status="PASS" starttime="20221206 19:56:59.276" endtime="20221206 19:56:59.276"/>
</kw>
<kw name="Input" library="AppLibrary">
<arg>${publisher}</arg>
<status status="PASS" starttime="20221206 19:56:59.276" endtime="20221206 19:56:59.276"/>
</kw>
<kw name="Input Quit Command" library="resource">
<kw name="Input" library="AppLibrary">
<arg>q</arg>
<status status="PASS" starttime="20221206 19:56:59.276" endtime="20221206 19:56:59.276"/>
</kw>
<status status="PASS" starttime="20221206 19:56:59.276" endtime="20221206 19:56:59.276"/>
</kw>
<kw name="Run Application" library="AppLibrary">
<status status="PASS" starttime="20221206 19:56:59.277" endtime="20221206 19:56:59.283"/>
</kw>
<status status="PASS" starttime="20221206 19:56:59.275" endtime="20221206 19:56:59.283"/>
</kw>
<kw name="Output Should Contain" library="AppLibrary">
<arg>Added a new reference.</arg>
<status status="PASS" starttime="20221206 19:56:59.284" endtime="20221206 19:56:59.284"/>
</kw>
<status status="PASS" starttime="20221206 19:56:59.273" endtime="20221206 19:56:59.284"/>
</test>
<status status="PASS" starttime="20221206 19:56:59.264" endtime="20221206 19:56:59.285"/>
</suite>
<status status="PASS" starttime="20221206 19:56:59.249" endtime="20221206 19:56:59.285"/>
</suite>
<statistics>
<total>
<stat pass="1" fail="0" skip="0">All Tests</stat>
</total>
<tag>
</tag>
<suite>
<stat pass="1" fail="0" skip="0" id="s1" name="Tests">Tests</stat>
<stat pass="1" fail="0" skip="0" id="s1-s1" name="Reference">Tests.Reference</stat>
</suite>
</statistics>
<errors>
</errors>
</robot>
